<?xml version="1.0" encoding="utf-8"?><testsuites name="pytest tests"><testsuite name="pytest" errors="0" failures="0" skipped="0" tests="6" time="3.165" timestamp="2026-08-05T03:05:59.577141+00:00" hostname="agent-env-1f1af8f1-fdd8-4a88-9b2f-58f10a136646"><testcase classname="tests.backend_test.TestRoot" name="test_root" time="0.169" /><testcase classname="tests.backend_test.TestContact" name="test_create_contact_valid" time="2.371" /><testcase classname="tests.backend_test.TestContact" name="test_list_contacts_contains_created" time="0.054" /><testcase classname="tests.backend_test.TestContact" name="test_create_contact_missing_fields" time="0.045" /><testcase classname="tests.backend_test.TestContact" name="test_create_contact_invalid_email" time="0.053" /><testcase classname="tests.backend_test.TestContact" name="test_create_contact_optional_fields_default" time="0.421" /></testsuite></testsuites>